<?xml version="1.0" encoding="UTF-8"?>
<!-- Generated by org.testng.reporters.JUnitReportReporter -->
<testsuite ignored="0" hostname="piercedeMacBook-Pro.local" failures="0" tests="2" name="com.course.cases.LoginTest" time="0.941" errors="0" timestamp="08 Jul 2024 08:47:40 GMT" skipped="0">
  <testcase classname="com.course.cases.LoginTest" name="loginFalse" time="0.174"/>
  <testcase classname="com.course.cases.LoginTest" name="loginTrue" time="0.767"/>
</testsuite> <!-- com.course.cases.LoginTest -->
