<?xml version="1.0" encoding="UTF-8"?>
<!-- Generated by org.testng.reporters.JUnitReportReporter -->
<testsuite ignored="0" hostname="piercedeMacBook-Pro.local" failures="0" tests="4" name="com.course.cases.UpdateUserInfoTest" time="6.798" errors="0" timestamp="08 Jul 2024 08:47:40 GMT" skipped="0">
  <testcase classname="com.course.cases.UpdateUserInfoTest" name="deleteAddUser" time="0.297"/>
  <testcase classname="com.course.cases.UpdateUserInfoTest" name="recoverUser" time="0.207"/>
  <testcase classname="com.course.cases.UpdateUserInfoTest" name="updateUserInfo" time="3.145"/>
  <testcase classname="com.course.cases.UpdateUserInfoTest" name="deleteUser" time="3.149"/>
</testsuite> <!-- com.course.cases.UpdateUserInfoTest -->
