<?xml version="1.0" encoding="UTF-8"?>
<!-- Generated by org.testng.reporters.JUnitReportReporter -->
<testsuite ignored="0" hostname="piercedeMacBook-Pro.local" failures="0" tests="4" name="com.course.cases.UpdateUserInfoTest" time="6.406" errors="0" timestamp="08 Jul 2024 03:12:57 GMT" skipped="0">
  <testcase classname="com.course.cases.UpdateUserInfoTest" name="deleteAddUser" time="0.102"/>
  <testcase classname="com.course.cases.UpdateUserInfoTest" name="updateUserInfo" time="3.109"/>
  <testcase classname="com.course.cases.UpdateUserInfoTest" name="deleteUser" time="3.097"/>
  <testcase classname="com.course.cases.UpdateUserInfoTest" name="recoverUser" time="0.098"/>
</testsuite> <!-- com.course.cases.UpdateUserInfoTest -->
