<?xml version="1.0" encoding="UTF-8"?>
<!-- Generated by org.testng.reporters.JUnitReportReporter -->
<testsuite ignored="0" hostname="piercedeMacBook-Pro.local" failures="0" tests="2" name="com.course.cases.LoginTest" time="1.405" errors="0" timestamp="08 Jul 2024 03:12:57 GMT" skipped="0">
  <testcase classname="com.course.cases.LoginTest" name="loginFalse" time="0.098"/>
  <testcase classname="com.course.cases.LoginTest" name="loginTrue" time="1.307"/>
</testsuite> <!-- com.course.cases.LoginTest -->
