<?xml version="1.0" encoding="UTF-8"?>
<!-- Generated by org.testng.reporters.JUnitReportReporter -->
<testsuite ignored="0" hostname="piercedeMacBook-Pro.local" failures="0" tests="1" name="com.course.cases.AddUserTest" time="3.116" errors="0" timestamp="08 Jul 2024 08:47:40 GMT" skipped="0">
  <testcase classname="com.course.cases.AddUserTest" name="addUser" time="3.116"/>
</testsuite> <!-- com.course.cases.AddUserTest -->
