<?xml version="1.0" encoding="UTF-8"?>
<!-- Generated by org.testng.reporters.JUnitReportReporter -->
<testsuite ignored="0" hostname="piercedeMacBook-Pro.local" failures="0" tests="1" name="com.course.cases.GetUserInfoTest" time="3.222" errors="0" timestamp="08 Jul 2024 08:47:40 GMT" skipped="0">
  <testcase classname="com.course.cases.GetUserInfoTest" name="getUserInfo" time="3.222"/>
</testsuite> <!-- com.course.cases.GetUserInfoTest -->
