<?xml version="1.0" encoding="UTF-8" ?>
<testsuite tests="9" failures="0" name="TestSuite" time="23.028" errors="0" skipped="0">
  <properties>
    <property name="java.runtime.name" value="OpenJDK Runtime Environment"/>
    <property name="java.vm.version" value="11.0.1+13"/>
    <property name="sun.boot.library.path" value="/Library/Java/JavaVirtualMachines/jdk-11.0.1.jdk/Contents/Home/lib"/>
    <property name="gopherProxySet" value="false"/>
    <property name="java.vm.vendor" value="Oracle Corporation"/>
    <property name="java.vendor.url" value="http://java.oracle.com/"/>
    <property name="path.separator" value=":"/>
    <property name="java.vm.name" value="OpenJDK 64-Bit Server VM"/>
    <property name="sun.os.patch.level" value="unknown"/>
    <property name="user.script" value="Hans"/>
    <property name="user.country" value="CN"/>
    <property name="sun.java.launcher" value="SUN_STANDARD"/>
    <property name="java.vm.specification.name" value="Java Virtual Machine Specification"/>
    <property name="user.dir" value="/Users/pierce/Downloads/pierceTest/FirstUseGit/Chapter/Chapter12"/>
    <property name="java.vm.compressedOopsMode" value="Zero based"/>
    <property name="java.runtime.version" value="11.0.1+13"/>
    <property name="java.awt.graphicsenv" value="sun.awt.CGraphicsEnvironment"/>
    <property name="basedir" value="/Users/pierce/Downloads/pierceTest/FirstUseGit/Chapter/Chapter12"/>
    <property name="os.arch" value="x86_64"/>
    <property name="surefire.real.class.path" value="/Users/pierce/Downloads/pierceTest/FirstUseGit/Chapter/Chapter12/target/surefire/surefirebooter9758731985174612925.jar"/>
    <property name="java.io.tmpdir" value="/var/folders/jp/0w6j9bwn57b062rkd95ypl4c0000gn/T/"/>
    <property name="line.separator" value="
"/>
    <property name="java.vm.specification.vendor" value="Oracle Corporation"/>
    <property name="os.name" value="Mac OS X"/>
    <property name="sun.jnu.encoding" value="UTF-8"/>
    <property name="java.library.path" value="/Users/pierce/Library/Java/Extensions:/Library/Java/Extensions:/Network/Library/Java/Extensions:/System/Library/Java/Extensions:/usr/lib/java:."/>
    <property name="surefire.test.class.path" value="/Users/pierce/Downloads/pierceTest/FirstUseGit/Chapter/Chapter12/target/test-classes:/Users/pierce/Downloads/pierceTest/FirstUseGit/Chapter/Chapter12/target/classes:/Users/pierce/.m2/repository/org/apache/httpcomponents/httpclient/4.1.2/httpclient-4.1.2.jar:/Users/pierce/.m2/repository/org/apache/httpcomponents/httpcore/4.4.9/httpcore-4.4.9.jar:/Users/pierce/.m2/repository/commons-codec/commons-codec/1.11/commons-codec-1.11.jar:/Users/pierce/.m2/repository/org/json/json/20170516/json-20170516.jar:/Users/pierce/.m2/repository/org/mybatis/mybatis/3.4.4/mybatis-3.4.4.jar:/Users/pierce/.m2/repository/mysql/mysql-connector-java/5.1.6/mysql-connector-java-5.1.6.jar:/Users/pierce/.m2/repository/org/projectlombok/lombok/1.18.24/lombok-1.18.24.jar:/Users/pierce/.m2/repository/com/relevantcodes/extentreports/2.41.2/extentreports-2.41.2.jar:/Users/pierce/.m2/repository/org/jsoup/jsoup/1.8.3/jsoup-1.8.3.jar:/Users/pierce/.m2/repository/org/xerial/sqlite-jdbc/3.21.0.1/sqlite-jdbc-3.21.0.1.jar:/Users/pierce/.m2/repository/org/freemarker/freemarker/2.3.27-incubating/freemarker-2.3.27-incubating.jar:/Users/pierce/.m2/repository/org/mongodb/mongodb-driver/3.6.3/mongodb-driver-3.6.3.jar:/Users/pierce/.m2/repository/org/mongodb/bson/3.6.3/bson-3.6.3.jar:/Users/pierce/.m2/repository/org/mongodb/mongodb-driver-core/3.6.3/mongodb-driver-core-3.6.3.jar:/Users/pierce/.m2/repository/com/vimalselvam/testng-extentsreport/1.3.1/testng-extentsreport-1.3.1.jar:/Users/pierce/.m2/repository/com/google/guava/guava/20.0/guava-20.0.jar:/Users/pierce/.m2/repository/com/aventstack/extentreports/3.0.6/extentreports-3.0.6.jar:/Users/pierce/.m2/repository/org/apache/httpcomponents/httpmime/4.5.5/httpmime-4.5.5.jar:/Users/pierce/.m2/repository/org/testng/testng/6.10/testng-6.10.jar:/Users/pierce/.m2/repository/com/beust/jcommander/1.48/jcommander-1.48.jar:/Users/pierce/.m2/repository/commons-logging/commons-logging/1.2/commons-logging-1.2.jar:"/>
    <property name="jdk.debug" value="release"/>
    <property name="java.class.version" value="55.0"/>
    <property name="java.specification.name" value="Java Platform API Specification"/>
    <property name="sun.management.compiler" value="HotSpot 64-Bit Tiered Compilers"/>
    <property name="os.version" value="10.16"/>
    <property name="http.nonProxyHosts" value="local|*.local|169.254/16|*.169.254/16"/>
    <property name="user.home" value="/Users/pierce"/>
    <property name="user.timezone" value="Asia/Shanghai"/>
    <property name="java.awt.printerjob" value="sun.lwawt.macosx.CPrinterJob"/>
    <property name="file.encoding" value="UTF-8"/>
    <property name="java.specification.version" value="11"/>
    <property name="user.name" value="pierce"/>
    <property name="java.class.path" value="/Users/pierce/Downloads/pierceTest/FirstUseGit/Chapter/Chapter12/target/test-classes:/Users/pierce/Downloads/pierceTest/FirstUseGit/Chapter/Chapter12/target/classes:/Users/pierce/.m2/repository/org/apache/httpcomponents/httpclient/4.1.2/httpclient-4.1.2.jar:/Users/pierce/.m2/repository/org/apache/httpcomponents/httpcore/4.4.9/httpcore-4.4.9.jar:/Users/pierce/.m2/repository/commons-codec/commons-codec/1.11/commons-codec-1.11.jar:/Users/pierce/.m2/repository/org/json/json/20170516/json-20170516.jar:/Users/pierce/.m2/repository/org/mybatis/mybatis/3.4.4/mybatis-3.4.4.jar:/Users/pierce/.m2/repository/mysql/mysql-connector-java/5.1.6/mysql-connector-java-5.1.6.jar:/Users/pierce/.m2/repository/org/projectlombok/lombok/1.18.24/lombok-1.18.24.jar:/Users/pierce/.m2/repository/com/relevantcodes/extentreports/2.41.2/extentreports-2.41.2.jar:/Users/pierce/.m2/repository/org/jsoup/jsoup/1.8.3/jsoup-1.8.3.jar:/Users/pierce/.m2/repository/org/xerial/sqlite-jdbc/3.21.0.1/sqlite-jdbc-3.21.0.1.jar:/Users/pierce/.m2/repository/org/freemarker/freemarker/2.3.27-incubating/freemarker-2.3.27-incubating.jar:/Users/pierce/.m2/repository/org/mongodb/mongodb-driver/3.6.3/mongodb-driver-3.6.3.jar:/Users/pierce/.m2/repository/org/mongodb/bson/3.6.3/bson-3.6.3.jar:/Users/pierce/.m2/repository/org/mongodb/mongodb-driver-core/3.6.3/mongodb-driver-core-3.6.3.jar:/Users/pierce/.m2/repository/com/vimalselvam/testng-extentsreport/1.3.1/testng-extentsreport-1.3.1.jar:/Users/pierce/.m2/repository/com/google/guava/guava/20.0/guava-20.0.jar:/Users/pierce/.m2/repository/com/aventstack/extentreports/3.0.6/extentreports-3.0.6.jar:/Users/pierce/.m2/repository/org/apache/httpcomponents/httpmime/4.5.5/httpmime-4.5.5.jar:/Users/pierce/.m2/repository/org/testng/testng/6.10/testng-6.10.jar:/Users/pierce/.m2/repository/com/beust/jcommander/1.48/jcommander-1.48.jar:/Users/pierce/.m2/repository/commons-logging/commons-logging/1.2/commons-logging-1.2.jar:"/>
    <property name="java.vm.specification.version" value="11"/>
    <property name="sun.arch.data.model" value="64"/>
    <property name="sun.java.command" value="/Users/pierce/Downloads/pierceTest/FirstUseGit/Chapter/Chapter12/target/surefire/surefirebooter9758731985174612925.jar /Users/pierce/Downloads/pierceTest/FirstUseGit/Chapter/Chapter12/target/surefire/surefire8826547346898649362tmp /Users/pierce/Downloads/pierceTest/FirstUseGit/Chapter/Chapter12/target/surefire/surefire14619669267646747623tmp"/>
    <property name="java.home" value="/Library/Java/JavaVirtualMachines/jdk-11.0.1.jdk/Contents/Home"/>
    <property name="user.language" value="zh"/>
    <property name="java.specification.vendor" value="Oracle Corporation"/>
    <property name="awt.toolkit" value="sun.lwawt.macosx.LWCToolkit"/>
    <property name="java.vm.info" value="mixed mode"/>
    <property name="java.version" value="11.0.1"/>
    <property name="java.vendor" value="Oracle Corporation"/>
    <property name="localRepository" value="/Users/pierce/.m2/repository"/>
    <property name="file.separator" value="/"/>
    <property name="java.version.date" value="2018-10-16"/>
    <property name="java.vendor.url.bug" value="http://bugreport.java.com/bugreport/"/>
    <property name="sun.io.unicode.encoding" value="UnicodeBig"/>
    <property name="sun.cpu.endian" value="little"/>
    <property name="java.vendor.version" value="18.9"/>
    <property name="socksNonProxyHosts" value="local|*.local|169.254/16|*.169.254/16"/>
    <property name="ftp.nonProxyHosts" value="local|*.local|169.254/16|*.169.254/16"/>
    <property name="sun.cpu.isalist" value=""/>
  </properties>
  <testcase classname="com.course.cases.LoginTest" name="loginTrue" time="0.767"/>
  <testcase classname="com.course.cases.LoginTest" name="loginFalse" time="0.174"/>
  <testcase classname="com.course.cases.AddUserTest" name="addUser" time="3.116"/>
  <testcase classname="com.course.cases.GetUserInfoTest" name="getUserInfo" time="3.222"/>
  <testcase classname="com.course.cases.GetUserListTest" name="getUserList" time="3.163"/>
  <testcase classname="com.course.cases.UpdateUserInfoTest" name="updateUserInfo" time="3.145"/>
  <testcase classname="com.course.cases.UpdateUserInfoTest" name="deleteUser" time="3.149"/>
  <testcase classname="com.course.cases.UpdateUserInfoTest" name="deleteAddUser" time="0.297"/>
  <testcase classname="com.course.cases.UpdateUserInfoTest" name="recoverUser" time="0.206"/>
</testsuite>